<?xml version="1.0" encoding="UTF-8"?>
<!-- Generated by org.testng.reporters.JUnitXMLReporter -->
<testsuite ignored="0" hostname="LAPTOP-G3UFNOIR" failures="0" tests="8" name="Test" time="0.042" errors="0" timestamp="2022-09-21T17:48:28 IST">
  <testcase classname="TestNG.Before_After_Class3" name="method1" time="0.006"/>
  <testcase classname="TestNG.BeforeAfterGroup" name="method1" time="0.006"/>
  <testcase classname="TestNG.Before_After_Class2" name="method1" time="0.007"/>
  <testcase classname="TestNG.Before_After_Class" name="method1" time="0.008"/>
  <testcase classname="TestNG.Before_After_Class3" name="method2" time="0.002"/>
  <testcase classname="TestNG.BeforeAfterGroup" name="method2" time="0.003"/>
  <testcase classname="TestNG.Before_After_Class" name="method2" time="0.003"/>
  <testcase classname="TestNG.BeforeAfterGroup" name="method3" time="0.001"/>
</testsuite> <!-- Test -->
